[0528/132830.553:ERROR:process_reader_win.cc(151)] SuspendThread: Отказано в доступе. (0x5)
[0528/132830.554:ERROR:exception_snapshot_win.cc(98)] thread ID 13936 not found in process
[0528/132830.555:ERROR:scoped_process_suspend.cc(40)] NtResumeProcess: Попытка доступа к процессу, выполняющему процедуру завершения. (0xc000010a)
[0601/084159.856:ERROR:process_reader_win.cc(151)] SuspendThread: Отказано в доступе. (0x5)
[0601/085759.508:ERROR:process_reader_win.cc(151)] SuspendThread: Отказано в доступе. (0x5)
[0601/085759.517:ERROR:process_reader_win.cc(151)] SuspendThread: Отказано в доступе. (0x5)
[0601/085759.674:ERROR:file_io_win.cc(161)] CreateFile C:\Users\Owner\AppData\Local\Temp\chromedp-runner409319959\Crashpad\settings.dat: Не удается найти указанный файл. (0x2)
[0601/085759.691:ERROR:file_io_win.cc(161)] CreateFile C:\Users\Owner\AppData\Local\Temp\chromedp-runner409319959\Crashpad\settings.dat: Не удается найти указанный файл. (0x2)
[0601/090840.013:ERROR:file_io_win.cc(161)] CreateFile C:\Users\Owner\AppData\Local\Temp\chromedp-runner602731591\Crashpad\settings.dat: Системе не удается найти указанный путь. (0x3)
[0601/090840.014:ERROR:file_io_win.cc(170)] CreateFile C:\Users\Owner\AppData\Local\Temp\chromedp-runner602731591\Crashpad\reports\ef0ffc14-01e5-49fd-ad87-820ba1ad8ede.dmp: Системе не удается найти указанный путь. (0x3)
[0601/090840.014:ERROR:crash_report_exception_handler.cc(97)] PrepareNewCrashReport failed
[0601/090840.145:ERROR:process_reader_win.cc(151)] SuspendThread: Отказано в доступе. (0x5)
[0601/090840.146:ERROR:process_reader_win.cc(151)] SuspendThread: Отказано в доступе. (0x5)
[0601/090840.146:ERROR:process_reader_win.cc(151)] SuspendThread: Отказано в доступе. (0x5)
[0601/090840.146:ERROR:process_reader_win.cc(151)] SuspendThread: Отказано в доступе. (0x5)
[0601/090840.146:ERROR:process_reader_win.cc(151)] SuspendThread: Отказано в доступе. (0x5)
[0601/090840.146:ERROR:process_reader_win.cc(151)] SuspendThread: Отказано в доступе. (0x5)
[0601/090840.146:ERROR:process_reader_win.cc(151)] SuspendThread: Отказано в доступе. (0x5)
[0601/090840.146:ERROR:process_reader_win.cc(151)] SuspendThread: Отказано в доступе. (0x5)
[0601/090840.146:ERROR:process_reader_win.cc(151)] SuspendThread: Отказано в доступе. (0x5)
[0601/090840.146:ERROR:process_reader_win.cc(151)] SuspendThread: Отказано в доступе. (0x5)
[0601/090840.146:ERROR:process_reader_win.cc(151)] SuspendThread: Отказано в доступе. (0x5)
[0601/090840.155:ERROR:file_io_win.cc(161)] CreateFile C:\Users\Owner\AppData\Local\Temp\chromedp-runner602731591\Crashpad\settings.dat: Системе не удается найти указанный путь. (0x3)
[0601/090840.156:ERROR:file_io_win.cc(170)] CreateFile C:\Users\Owner\AppData\Local\Temp\chromedp-runner602731591\Crashpad\reports\2107ef9a-3478-46b0-a118-8668c8fbd57e.dmp: Системе не удается найти указанный путь. (0x3)
[0601/090840.156:ERROR:crash_report_exception_handler.cc(97)] PrepareNewCrashReport failed
[0601/092909.728:ERROR:file_io_win.cc(161)] CreateFile C:\Users\Owner\AppData\Local\Temp\chromedp-runner454668347\Crashpad\settings.dat: Не удается найти указанный файл. (0x2)
[0601/092909.948:ERROR:file_io_win.cc(161)] CreateFile C:\Users\Owner\AppData\Local\Temp\chromedp-runner454668347\Crashpad\settings.dat: Не удается найти указанный файл. (0x2)
[0601/092909.962:ERROR:file_io_win.cc(161)] CreateFile C:\Users\Owner\AppData\Local\Temp\chromedp-runner454668347\Crashpad\settings.dat: Не удается найти указанный файл. (0x2)
[0601/092920.931:ERROR:process_reader_win.cc(151)] SuspendThread: Отказано в доступе. (0x5)
[0601/092920.939:ERROR:file_io_win.cc(161)] CreateFile C:\Users\Owner\AppData\Local\Temp\chromedp-runner455435358\Crashpad\settings.dat: Системе не удается найти указанный путь. (0x3)
[0601/092920.940:ERROR:file_io_win.cc(170)] CreateFile C:\Users\Owner\AppData\Local\Temp\chromedp-runner455435358\Crashpad\reports\466d7a60-70a0-4576-acfa-2a9fe4410f74.dmp: Системе не удается найти указанный путь. (0x3)
[0601/092920.940:ERROR:crash_report_exception_handler.cc(97)] PrepareNewCrashReport failed
[0601/092920.931:ERROR:process_reader_win.cc(151)] SuspendThread: Отказано в доступе. (0x5)
[0601/092921.047:ERROR:file_io_win.cc(161)] CreateFile C:\Users\Owner\AppData\Local\Temp\chromedp-runner455435358\Crashpad\settings.dat: Системе не удается найти указанный путь. (0x3)
[0601/092921.047:ERROR:file_io_win.cc(170)] CreateFile C:\Users\Owner\AppData\Local\Temp\chromedp-runner455435358\Crashpad\reports\0a939afc-10ad-43de-a853-9dc44fbfa9fb.dmp: Системе не удается найти указанный путь. (0x3)
[0601/092921.048:ERROR:crash_report_exception_handler.cc(97)] PrepareNewCrashReport failed
[0601/093152.888:ERROR:process_reader_win.cc(151)] SuspendThread: Отказано в доступе. (0x5)
[0601/093152.895:ERROR:process_reader_win.cc(151)] SuspendThread: Отказано в доступе. (0x5)
[0601/093153.028:ERROR:file_io_win.cc(161)] CreateFile C:\Users\Owner\AppData\Local\Temp\chromedp-runner862489920\Crashpad\settings.dat: Не удается найти указанный файл. (0x2)
[0601/093153.105:ERROR:file_io_win.cc(161)] CreateFile C:\Users\Owner\AppData\Local\Temp\chromedp-runner862489920\Crashpad\settings.dat: Не удается найти указанный файл. (0x2)
[0601/093401.063:ERROR:process_reader_win.cc(151)] SuspendThread: Отказано в доступе. (0x5)
[0601/093401.072:ERROR:file_io_win.cc(161)] CreateFile C:\Users\Owner\AppData\Local\Temp\chromedp-runner602281076\Crashpad\settings.dat: Системе не удается найти указанный путь. (0x3)
[0601/093401.072:ERROR:file_io_win.cc(170)] CreateFile C:\Users\Owner\AppData\Local\Temp\chromedp-runner602281076\Crashpad\reports\fc2a1f8f-5d9a-45a1-8a1d-b03b0c294e8d.dmp: Системе не удается найти указанный путь. (0x3)
[0601/093401.072:ERROR:crash_report_exception_handler.cc(97)] PrepareNewCrashReport failed
[0601/093401.284:ERROR:file_io_win.cc(161)] CreateFile C:\Users\Owner\AppData\Local\Temp\chromedp-runner602281076\Crashpad\settings.dat: Системе не удается найти указанный путь. (0x3)
[0601/093401.284:ERROR:file_io_win.cc(170)] CreateFile C:\Users\Owner\AppData\Local\Temp\chromedp-runner602281076\Crashpad\reports\b9f51835-db7c-4856-9ad1-a12ee6d94411.dmp: Системе не удается найти указанный путь. (0x3)
[0601/093401.284:ERROR:crash_report_exception_handler.cc(97)] PrepareNewCrashReport failed
[0601/093412.721:ERROR:process_reader_win.cc(151)] SuspendThread: Отказано в доступе. (0x5)
[0601/093412.734:ERROR:file_io_win.cc(161)] CreateFile C:\Users\Owner\AppData\Local\Temp\chromedp-runner130537283\Crashpad\settings.dat: Системе не удается найти указанный путь. (0x3)
[0601/093412.734:ERROR:file_io_win.cc(170)] CreateFile C:\Users\Owner\AppData\Local\Temp\chromedp-runner130537283\Crashpad\reports\d36f635b-2b30-4935-90de-daf27bc369d8.dmp: Системе не удается найти указанный путь. (0x3)
[0601/093412.734:ERROR:crash_report_exception_handler.cc(97)] PrepareNewCrashReport failed
[0601/093412.735:ERROR:process_reader_win.cc(151)] SuspendThread: Отказано в доступе. (0x5)
[0601/093412.746:ERROR:file_io_win.cc(161)] CreateFile C:\Users\Owner\AppData\Local\Temp\chromedp-runner130537283\Crashpad\settings.dat: Системе не удается найти указанный путь. (0x3)
[0601/093412.746:ERROR:file_io_win.cc(170)] CreateFile C:\Users\Owner\AppData\Local\Temp\chromedp-runner130537283\Crashpad\reports\e7d2a0d1-91d8-4890-a281-4c22811934c1.dmp: Системе не удается найти указанный путь. (0x3)
[0601/093412.746:ERROR:crash_report_exception_handler.cc(97)] PrepareNewCrashReport failed
[0601/093425.628:ERROR:file_io_win.cc(161)] CreateFile C:\Users\Owner\AppData\Local\Temp\chromedp-runner397919686\Crashpad\settings.dat: Системе не удается найти указанный путь. (0x3)
[0601/093425.629:ERROR:file_io_win.cc(170)] CreateFile C:\Users\Owner\AppData\Local\Temp\chromedp-runner397919686\Crashpad\reports\6eb1969c-13aa-400d-ae0b-9039d0481d6c.dmp: Системе не удается найти указанный путь. (0x3)
[0601/093425.629:ERROR:crash_report_exception_handler.cc(97)] PrepareNewCrashReport failed
[0601/093425.817:ERROR:process_reader_win.cc(151)] SuspendThread: Отказано в доступе. (0x5)
[0601/093425.827:ERROR:file_io_win.cc(161)] CreateFile C:\Users\Owner\AppData\Local\Temp\chromedp-runner397919686\Crashpad\settings.dat: Системе не удается найти указанный путь. (0x3)
[0601/093425.828:ERROR:file_io_win.cc(170)] CreateFile C:\Users\Owner\AppData\Local\Temp\chromedp-runner397919686\Crashpad\reports\43f6a9c7-835f-4029-b140-172c85566a0e.dmp: Системе не удается найти указанный путь. (0x3)
[0601/093425.828:ERROR:crash_report_exception_handler.cc(97)] PrepareNewCrashReport failed
[0601/153655.411:ERROR:process_reader_win.cc(151)] SuspendThread: Отказано в доступе. (0x5)
[0601/153655.428:ERROR:file_io_win.cc(161)] CreateFile C:\Users\Owner\AppData\Local\Temp\chromedp-runner536398568\Crashpad\settings.dat: Системе не удается найти указанный путь. (0x3)
[0601/153655.428:ERROR:process_reader_win.cc(151)] SuspendThread: Отказано в доступе. (0x5)
[0601/153655.428:ERROR:file_io_win.cc(170)] CreateFile C:\Users\Owner\AppData\Local\Temp\chromedp-runner536398568\Crashpad\reports\a1ae8495-a7c1-43be-853f-2ad35df8243a.dmp: Системе не удается найти указанный путь. (0x3)
[0601/153655.428:ERROR:crash_report_exception_handler.cc(97)] PrepareNewCrashReport failed
[0601/153655.435:ERROR:file_io_win.cc(161)] CreateFile C:\Users\Owner\AppData\Local\Temp\chromedp-runner536398568\Crashpad\settings.dat: Системе не удается найти указанный путь. (0x3)
[0601/153655.436:ERROR:file_io_win.cc(170)] CreateFile C:\Users\Owner\AppData\Local\Temp\chromedp-runner536398568\Crashpad\reports\80bafae6-4b43-4268-abe3-6b141e26c5b8.dmp: Системе не удается найти указанный путь. (0x3)
[0601/153655.436:ERROR:crash_report_exception_handler.cc(97)] PrepareNewCrashReport failed
[0601/153753.711:ERROR:file_io_win.cc(161)] CreateFile C:\Users\Owner\AppData\Local\Temp\chromedp-runner573757459\Crashpad\settings.dat: Системе не удается найти указанный путь. (0x3)
[0601/153753.712:ERROR:file_io_win.cc(170)] CreateFile C:\Users\Owner\AppData\Local\Temp\chromedp-runner573757459\Crashpad\reports\f6988a8e-5b74-4e9a-a981-7f4c67163e19.dmp: Системе не удается найти указанный путь. (0x3)
[0601/153753.712:ERROR:crash_report_exception_handler.cc(97)] PrepareNewCrashReport failed
[0603/093956.725:ERROR:process_reader_win.cc(151)] SuspendThread: Отказано в доступе. (0x5)
[0603/094017.787:ERROR:process_memory_win.cc(73)] ReadMemory at 0x1fb122c4b50 of 6656 bytes failed: Запрос ReadProcessMemory или WriteProcessMemory был выполнен только частично. (0x12B)
[0603/094017.787:ERROR:process_snapshot_win.cc(322)] failed to read unloaded module data
[0603/094017.788:ERROR:process_memory_win.cc(73)] ReadMemory at 0x7ff78cc80000 of 64 bytes failed: Запрос ReadProcessMemory или WriteProcessMemory был выполнен только частично. (0x12B)
[0603/094017.789:WARNING:pe_image_reader.cc(340)] could not read dos header from C:\Program Files (x86)\Google\Chrome\Application\chrome.exe
[0603/094017.789:ERROR:process_memory_win.cc(73)] ReadMemory at 0x7ffaad750000 of 64 bytes failed: Запрос ReadProcessMemory или WriteProcessMemory был выполнен только частично. (0x12B)
[0603/094017.789:WARNING:pe_image_reader.cc(340)] could not read dos header from C:\Program Files (x86)\Google\Chrome\Application\83.0.4103.61\chrome.dll
[0603/094017.789:ERROR:process_memory_win.cc(73)] ReadMemory at 0x7ffadf280000 of 64 bytes failed: Запрос ReadProcessMemory или WriteProcessMemory был выполнен только частично. (0x12B)
[0603/094017.790:WARNING:pe_image_reader.cc(340)] could not read dos header from C:\WINDOWS\SYSTEM32\Secur32.dll
[0603/094017.790:ERROR:process_memory_win.cc(73)] ReadMemory at 0x7ffad4310000 of 64 bytes failed: Запрос ReadProcessMemory или WriteProcessMemory был выполнен только частично. (0x12B)
[0603/094017.790:WARNING:pe_image_reader.cc(340)] could not read dos header from C:\WINDOWS\SYSTEM32\UIAutomationCore.DLL
[0603/094017.790:ERROR:process_memory_win.cc(73)] ReadMemory at 0x7ffae6000000 of 64 bytes failed: Запрос ReadProcessMemory или WriteProcessMemory был выполнен только частично. (0x12B)
[0603/094017.790:WARNING:pe_image_reader.cc(340)] could not read dos header from C:\WINDOWS\SYSTEM32\DWrite.dll
[0603/094017.790:ERROR:process_memory_win.cc(73)] ReadMemory at 0x7ffae0a40000 of 64 bytes failed: Запрос ReadProcessMemory или WriteProcessMemory был выполнен только частично. (0x12B)
[0603/094017.790:WARNING:pe_image_reader.cc(340)] could not read dos header from C:\WINDOWS\SYSTEM32\WINSPOOL.DRV
[0603/094017.790:ERROR:process_memory_win.cc(73)] ReadMemory at 0x7ffaf0160000 of 64 bytes failed: Запрос ReadProcessMemory или WriteProcessMemory был выполнен только частично. (0x12B)
[0603/094017.790:WARNING:pe_image_reader.cc(340)] could not read dos header from C:\WINDOWS\SYSTEM32\dbghelp.dll
[0603/094017.790:ERROR:process_memory_win.cc(73)] ReadMemory at 0x7ffaf1f60000 of 64 bytes failed: Запрос ReadProcessMemory или WriteProcessMemory был выполнен только частично. (0x12B)
[0603/094017.790:WARNING:pe_image_reader.cc(340)] could not read dos header from C:\WINDOWS\System32\profapi.dll
[0603/094017.790:ERROR:process_memory_win.cc(73)] ReadMemory at 0x7ffaf1f40000 of 64 bytes failed: Запрос ReadProcessMemory или WriteProcessMemory был выполнен только частично. (0x12B)
[0603/094017.790:WARNING:pe_image_reader.cc(340)] could not read dos header from C:\WINDOWS\System32\kernel.appcore.dll
[0603/094017.790:ERROR:process_memory_win.cc(73)] ReadMemory at 0x7ffaf28c0000 of 64 bytes failed: Запрос ReadProcessMemory или WriteProcessMemory был выполнен только частично. (0x12B)
[0603/094017.790:WARNING:pe_image_reader.cc(340)] could not read dos header from C:\WINDOWS\System32\bcrypt.dll
[0603/094017.790:ERROR:process_memory_win.cc(73)] ReadMemory at 0x7ffae48f0000 of 64 bytes failed: Запрос ReadProcessMemory или WriteProcessMemory был выполнен только частично. (0x12B)
[0603/094017.790:WARNING:pe_image_reader.cc(340)] could not read dos header from C:\WINDOWS\SYSTEM32\WINHTTP.dll
[0603/094017.790:ERROR:process_memory_win.cc(73)] ReadMemory at 0x7ffae9040000 of 64 bytes failed: Запрос ReadProcessMemory или WriteProcessMemory был выполнен только частично. (0x12B)
[0603/094017.790:WARNING:pe_image_reader.cc(340)] could not read dos header from C:\WINDOWS\SYSTEM32\dhcpcsvc.DLL
[0603/094017.790:ERROR:process_memory_win.cc(73)] ReadMemory at 0x7ffaf3b00000 of 64 bytes failed: Запрос ReadProcessMemory или WriteProcessMemory был выполнен только частично. (0x12B)
[0603/094017.790:WARNING:pe_image_reader.cc(340)] could not read dos header from C:\WINDOWS\System32\NSI.dll
[0603/094017.790:ERROR:process_memory_win.cc(73)] ReadMemory at 0x7ffaef960000 of 64 bytes failed: Запрос ReadProcessMemory или WriteProcessMemory был выполнен только частично. (0x12B)
[0603/094017.790:WARNING:pe_image_reader.cc(340)] could not read dos header from C:\WINDOWS\SYSTEM32\winmmbase.dll
[0603/094017.791:ERROR:process_memory_win.cc(73)] ReadMemory at 0x7ffaf2150000 of 64 bytes failed: Запрос ReadProcessMemory или WriteProcessMemory был выполнен только частично. (0x12B)
[0603/094017.791:WARNING:pe_image_reader.cc(340)] could not read dos header from C:\WINDOWS\System32\cfgmgr32.dll
[0603/094017.791:ERROR:process_memory_win.cc(73)] ReadMemory at 0x7ffaee240000 of 64 bytes failed: Запрос ReadProcessMemory или WriteProcessMemory был выполнен только частично. (0x12B)
[0603/094017.791:WARNING:pe_image_reader.cc(340)] could not read dos header from C:\WINDOWS\SYSTEM32\PROPSYS.dll
[0603/094017.791:ERROR:process_memory_win.cc(73)] ReadMemory at 0x7ffaf30f0000 of 64 bytes failed: Запрос ReadProcessMemory или WriteProcessMemory был выполнен только частично. (0x12B)
[0603/094017.791:WARNING:pe_image_reader.cc(340)] could not read dos header from C:\WINDOWS\System32\shcore.dll
[0603/094017.791:ERROR:process_memory_win.cc(73)] ReadMemory at 0x7ffaf1dd0000 of 64 bytes failed: Запрос ReadProcessMemory или WriteProcessMemory был выполнен только частично. (0x12B)
[0603/094017.791:WARNING:pe_image_reader.cc(340)] could not read dos header from C:\WINDOWS\SYSTEM32\SSPICLI.DLL
[0603/094017.791:ERROR:process_memory_win.cc(73)] ReadMemory at 0x7ffaf4070000 of 64 bytes failed: Запрос ReadProcessMemory или WriteProcessMemory был выполнен только частично. (0x12B)
[0603/094017.791:WARNING:pe_image_reader.cc(340)] could not read dos header from C:\WINDOWS\System32\USER32.dll
[0603/094017.791:ERROR:process_memory_win.cc(73)] ReadMemory at 0x7ffaf27f0000 of 64 bytes failed: Запрос ReadProcessMemory или WriteProcessMemory был выполнен только частично. (0x12B)
[0603/094017.791:WARNING:pe_image_reader.cc(340)] could not read dos header from C:\WINDOWS\System32\win32u.dll
[0603/094017.792:ERROR:process_memory_win.cc(73)] ReadMemory at 0x7ffaf39a0000 of 64 bytes failed: Запрос ReadProcessMemory или WriteProcessMemory был выполнен только частично. (0x12B)
[0603/094017.792:WARNING:pe_image_reader.cc(340)] could not read dos header from C:\WINDOWS\System32\GDI32.dll
[0603/094017.792:ERROR:process_memory_win.cc(73)] ReadMemory at 0x7ffaf1fb0000 of 64 bytes failed: Запрос ReadProcessMemory или WriteProcessMemory был выполнен только частично. (0x12B)
[0603/094017.792:WARNING:pe_image_reader.cc(340)] could not read dos header from C:\WINDOWS\System32\gdi32full.dll
[0603/094017.792:ERROR:process_memory_win.cc(73)] ReadMemory at 0x7ffaf4e60000 of 64 bytes failed: Запрос ReadProcessMemory или WriteProcessMemory был выполнен только частично. (0x12B)
[0603/094017.792:WARNING:pe_image_reader.cc(340)] could not read dos header from C:\WINDOWS\System32\IMM32.DLL
[0603/094017.792:ERROR:process_memory_win.cc(73)] ReadMemory at 0x7ffaf18c0000 of 64 bytes failed: Запрос ReadProcessMemory или WriteProcessMemory был выполнен только частично. (0x12B)
[0603/094017.792:WARNING:pe_image_reader.cc(340)] could not read dos header from C:\WINDOWS\SYSTEM32\CRYPTBASE.DLL
[0603/094017.792:ERROR:process_memory_win.cc(73)] ReadMemory at 0x7ffaf3bf0000 of 64 bytes failed: Запрос ReadProcessMemory или WriteProcessMemory был выполнен только частично. (0x12B)
[0603/094017.792:WARNING:pe_image_reader.cc(340)] could not read dos header from C:\WINDOWS\System32\ole32.dll
[0603/094017.792:ERROR:process_memory_win.cc(73)] ReadMemory at 0x7ffaf3fc0000 of 64 bytes failed: Запрос ReadProcessMemory или WriteProcessMemory был выполнен только частично. (0x12B)
[0603/094017.792:WARNING:pe_image_reader.cc(340)] could not read dos header from C:\WINDOWS\System32\clbcatq.dll
[0603/094017.792:ERROR:process_memory_win.cc(73)] ReadMemory at 0x7ffae6520000 of 64 bytes failed: Запрос ReadProcessMemory или WriteProcessMemory был выполнен только частично. (0x12B)
[0603/094017.792:WARNING:pe_image_reader.cc(340)] could not read dos header from C:\WINDOWS\System32\MMDevApi.dll
[0603/094017.792:ERROR:process_memory_win.cc(73)] ReadMemory at 0x7ffaf1c80000 of 64 bytes failed: Запрос ReadProcessMemory или WriteProcessMemory был выполнен только частично. (0x12B)
[0603/094017.792:WARNING:pe_image_reader.cc(340)] could not read dos header from C:\WINDOWS\System32\DEVOBJ.dll
[0603/094017.793:ERROR:process_memory_win.cc(73)] ReadMemory at 0x7ffaec050000 of 64 bytes failed: Запрос ReadProcessMemory или WriteProcessMemory был выполнен только частично. (0x12B)
[0603/094017.793:WARNING:pe_image_reader.cc(340)] could not read dos header from C:\WINDOWS\SYSTEM32\wdmaud.drv
[0603/094017.793:ERROR:process_memory_win.cc(73)] ReadMemory at 0x7ffaec7b0000 of 64 bytes failed: Запрос ReadProcessMemory или WriteProcessMemory был выполнен только частично. (0x12B)
[0603/094017.793:WARNING:pe_image_reader.cc(340)] could not read dos header from C:\WINDOWS\SYSTEM32\ksuser.dll
[0603/094017.793:ERROR:process_memory_win.cc(73)] ReadMemory at 0x7ffaed840000 of 64 bytes failed: Запрос ReadProcessMemory или WriteProcessMemory был выполнен только частично. (0x12B)
[0603/094017.793:WARNING:pe_image_reader.cc(340)] could not read dos header from C:\WINDOWS\SYSTEM32\AVRT.dll
[0603/094017.793:ERROR:process_memory_win.cc(73)] ReadMemory at 0x7ffae3b00000 of 64 bytes failed: Запрос ReadProcessMemory или WriteProcessMemory был выполнен только частично. (0x12B)
[0603/094017.793:WARNING:pe_image_reader.cc(340)] could not read dos header from C:\WINDOWS\SYSTEM32\AUDIOSES.DLL
[0603/094017.793:ERROR:process_memory_win.cc(73)] ReadMemory at 0x7ffaf1ef0000 of 64 bytes failed: Запрос ReadProcessMemory или WriteProcessMemory был выполнен только частично. (0x12B)
[0603/094017.793:WARNING:pe_image_reader.cc(340)] could not read dos header from C:\WINDOWS\System32\powrprof.dll
[0603/094017.793:ERROR:process_memory_win.cc(73)] ReadMemory at 0x7ffaf1ee0000 of 64 bytes failed: Запрос ReadProcessMemory или WriteProcessMemory был выполнен только частично. (0x12B)
[0603/094017.793:WARNING:pe_image_reader.cc(340)] could not read dos header from C:\WINDOWS\System32\UMPDC.dll
[0603/094017.793:ERROR:process_memory_win.cc(73)] ReadMemory at 0x7ffaed0d0000 of 64 bytes failed: Запрос ReadProcessMemory или WriteProcessMemory был выполнен только частично. (0x12B)
[0603/094017.793:WARNING:pe_image_reader.cc(340)] could not read dos header from C:\WINDOWS\SYSTEM32\wintypes.dll
[0603/094017.793:ERROR:process_memory_win.cc(73)] ReadMemory at 0x7ffaec270000 of 64 bytes failed: Запрос ReadProcessMemory или WriteProcessMemory был выполнен только частично. (0x12B)
[0603/094017.793:WARNING:pe_image_reader.cc(340)] could not read dos header from C:\WINDOWS\SYSTEM32\msacm32.drv
[0603/094017.793:ERROR:process_memory_win.cc(73)] ReadMemory at 0x7ffaec030000 of 64 bytes failed: Запрос ReadProcessMemory или WriteProcessMemory был выполнен только частично. (0x12B)
[0603/094017.793:WARNING:pe_image_reader.cc(340)] could not read dos header from C:\WINDOWS\SYSTEM32\MSACM32.dll
[0603/094017.793:ERROR:process_memory_win.cc(73)] ReadMemory at 0x7ffaec020000 of 64 bytes failed: Запрос ReadProcessMemory или WriteProcessMemory был выполнен только частично. (0x12B)
[0603/094017.793:WARNING:pe_image_reader.cc(340)] could not read dos header from C:\WINDOWS\SYSTEM32\midimap.dll
[0603/094017.793:ERROR:process_memory_win.cc(73)] ReadMemory at 0x7ffaf0360000 of 64 bytes failed: Запрос ReadProcessMemory или WriteProcessMemory был выполнен только частично. (0x12B)
[0603/094017.793:WARNING:pe_image_reader.cc(340)] could not read dos header from C:\WINDOWS\SYSTEM32\resourcepolicyclient.dll
[0603/094017.794:ERROR:process_memory_win.cc(73)] ReadMemory at 0x7ffae68a0000 of 64 bytes failed: Запрос ReadProcessMemory или WriteProcessMemory был выполнен только частично. (0x12B)
[0603/094017.794:WARNING:pe_image_reader.cc(340)] could not read dos header from C:\Windows\System32\Windows.UI.dll
[0603/094017.794:ERROR:process_memory_win.cc(73)] ReadMemory at 0x7ffae6800000 of 64 bytes failed: Запрос ReadProcessMemory или WriteProcessMemory был выполнен только частично. (0x12B)
[0603/094017.794:WARNING:pe_image_reader.cc(340)] could not read dos header from C:\Windows\System32\TextInputFramework.dll
[0603/094017.794:ERROR:process_memory_win.cc(73)] ReadMemory at 0x7ffae66e0000 of 64 bytes failed: Запрос ReadProcessMemory или WriteProcessMemory был выполнен только частично. (0x12B)
[0603/094017.794:WARNING:pe_image_reader.cc(340)] could not read dos header from C:\Windows\System32\InputHost.dll
[0603/094017.794:ERROR:process_memory_win.cc(73)] ReadMemory at 0x7ffaed2e0000 of 64 bytes failed: Запрос ReadProcessMemory или WriteProcessMemory был выполнен только частично. (0x12B)
[0603/094017.794:WARNING:pe_image_reader.cc(340)] could not read dos header from C:\Windows\System32\CoreUIComponents.dll
[0603/094017.794:ERROR:process_memory_win.cc(73)] ReadMemory at 0x7ffaf0f40000 of 64 bytes failed: Запрос ReadProcessMemory или WriteProcessMemory был выполнен только частично. (0x12B)
[0603/094017.794:WARNING:pe_image_reader.cc(340)] could not read dos header from C:\WINDOWS\SYSTEM32\ntmarta.dll
[0603/094017.794:ERROR:process_memory_win.cc(73)] ReadMemory at 0x7ffaef560000 of 64 bytes failed: Запрос ReadProcessMemory или WriteProcessMemory был выполнен только частично. (0x12B)
[0603/094017.794:WARNING:pe_image_reader.cc(340)] could not read dos header from C:\Windows\System32\CoreMessaging.dll
[0603/094017.794:ERROR:process_memory_win.cc(73)] ReadMemory at 0x7ff78cc80000 of 64 bytes failed: Запрос ReadProcessMemory или WriteProcessMemory был выполнен только частично. (0x12B)
[0603/094017.794:WARNING:pe_image_reader.cc(340)] could not read dos header from C:\Program Files (x86)\Google\Chrome\Application\chrome.exe
[0603/094017.794:ERROR:process_memory_win.cc(73)] ReadMemory at 0x7ff78cc80000 of 64 bytes failed: Запрос ReadProcessMemory или WriteProcessMemory был выполнен только частично. (0x12B)
[0603/094017.795:WARNING:pe_image_reader.cc(340)] could not read dos header from C:\Program Files (x86)\Google\Chrome\Application\chrome.exe
[0603/094017.795:ERROR:process_memory_win.cc(73)] ReadMemory at 0x7ffaf5020000 of 64 bytes failed: Запрос ReadProcessMemory или WriteProcessMemory был выполнен только частично. (0x12B)
[0603/094017.795:WARNING:pe_image_reader.cc(340)] could not read dos header from C:\WINDOWS\SYSTEM32\ntdll.dll
[0603/094017.795:ERROR:process_memory_win.cc(73)] ReadMemory at 0x7ffaf5020000 of 64 bytes failed: Запрос ReadProcessMemory или WriteProcessMemory был выполнен только частично. (0x12B)
[0603/094017.795:WARNING:pe_image_reader.cc(340)] could not read dos header from C:\WINDOWS\SYSTEM32\ntdll.dll
[0603/094017.795:ERROR:process_memory_win.cc(73)] ReadMemory at 0x7ffaf4da0000 of 64 bytes failed: Запрос ReadProcessMemory или WriteProcessMemory был выполнен только частично. (0x12B)
[0603/094017.795:WARNING:pe_image_reader.cc(340)] could not read dos header from C:\WINDOWS\System32\KERNEL32.DLL
[0603/094017.795:ERROR:process_memory_win.cc(73)] ReadMemory at 0x7ffaf4da0000 of 64 bytes failed: Запрос ReadProcessMemory или WriteProcessMemory был выполнен только частично. (0x12B)
[0603/094017.795:WARNING:pe_image_reader.cc(340)] could not read dos header from C:\WINDOWS\System32\KERNEL32.DLL
[0603/094017.795:ERROR:process_memory_win.cc(73)] ReadMemory at 0x7ffaf21a0000 of 64 bytes failed: Запрос ReadProcessMemory или WriteProcessMemory был выполнен только частично. (0x12B)
[0603/094017.795:WARNING:pe_image_reader.cc(340)] could not read dos header from C:\WINDOWS\System32\KERNELBASE.dll
[0603/094017.795:ERROR:process_memory_win.cc(73)] ReadMemory at 0x7ffaf21a0000 of 64 bytes failed: Запрос ReadProcessMemory или WriteProcessMemory был выполнен только частично. (0x12B)
[0603/094017.795:WARNING:pe_image_reader.cc(340)] could not read dos header from C:\WINDOWS\System32\KERNELBASE.dll
[0603/094017.795:ERROR:process_memory_win.cc(73)] ReadMemory at 0x7ffae3e80000 of 64 bytes failed: Запрос ReadProcessMemory или WriteProcessMemory был выполнен только частично. (0x12B)
[0603/094017.795:WARNING:pe_image_reader.cc(340)] could not read dos header from C:\Program Files (x86)\Google\Chrome\Application\83.0.4103.61\chrome_elf.dll
[0603/094017.795:ERROR:process_memory_win.cc(73)] ReadMemory at 0x7ffae3e80000 of 64 bytes failed: Запрос ReadProcessMemory или WriteProcessMemory был выполнен только частично. (0x12B)
[0603/094017.795:WARNING:pe_image_reader.cc(340)] could not read dos header from C:\Program Files (x86)\Google\Chrome\Application\83.0.4103.61\chrome_elf.dll
[0603/094017.796:ERROR:process_memory_win.cc(73)] ReadMemory at 0x7ffae48a0000 of 64 bytes failed: Запрос ReadProcessMemory или WriteProcessMemory был выполнен только частично. (0x12B)
[0603/094017.796:WARNING:pe_image_reader.cc(340)] could not read dos header from C:\WINDOWS\SYSTEM32\VERSION.dll
[0603/094017.796:ERROR:process_memory_win.cc(73)] ReadMemory at 0x7ffae48a0000 of 64 bytes failed: Запрос ReadProcessMemory или WriteProcessMemory был выполнен только частично. (0x12B)
[0603/094017.796:WARNING:pe_image_reader.cc(340)] could not read dos header from C:\WINDOWS\SYSTEM32\VERSION.dll
[0603/094017.796:ERROR:process_memory_win.cc(73)] ReadMemory at 0x7ffaf3730000 of 64 bytes failed: Запрос ReadProcessMemory или WriteProcessMemory был выполнен только частично. (0x12B)
[0603/094017.796:WARNING:pe_image_reader.cc(340)] could not read dos header from C:\WINDOWS\System32\msvcrt.dll
[0603/094017.796:ERROR:process_memory_win.cc(73)] ReadMemory at 0x7ffaf3730000 of 64 bytes failed: Запрос ReadProcessMemory или WriteProcessMemory был выполнен только частично. (0x12B)
[0603/094017.796:WARNING:pe_image_reader.cc(340)] could not read dos header from C:\WINDOWS\System32\msvcrt.dll
[0603/094017.796:ERROR:process_memory_win.cc(73)] ReadMemory at 0x7ffaf2600000 of 64 bytes failed: Запрос ReadProcessMemory или WriteProcessMemory был выполнен только частично. (0x12B)
[0603/094017.796:WARNING:pe_image_reader.cc(340)] could not read dos header from C:\WINDOWS\System32\bcryptPrimitives.dll
[0603/094017.796:ERROR:process_memory_win.cc(73)] ReadMemory at 0x7ffaf2600000 of 64 bytes failed: Запрос ReadProcessMemory или WriteProcessMemory был выполнен только частично. (0x12B)
[0603/094017.796:WARNING:pe_image_reader.cc(340)] could not read dos header from C:\WINDOWS\System32\bcryptPrimitives.dll
[0603/094017.796:ERROR:process_memory_win.cc(73)] ReadMemory at 0x7ffaf38f0000 of 64 bytes failed: Запрос ReadProcessMemory или WriteProcessMemory был выполнен только частично. (0x12B)
[0603/094017.796:WARNING:pe_image_reader.cc(340)] could not read dos header from C:\WINDOWS\System32\ADVAPI32.dll
[0603/094017.796:ERROR:process_memory_win.cc(73)] ReadMemory at 0x7ffaf38f0000 of 64 bytes failed: Запрос ReadProcessMemory или WriteProcessMemory был выполнен только частично. (0x12B)
[0603/094017.796:WARNING:pe_image_reader.cc(340)] could not read dos header from C:\WINDOWS\System32\ADVAPI32.dll
[0603/094017.796:ERROR:process_memory_win.cc(73)] ReadMemory at 0x7ffaf31a0000 of 64 bytes failed: Запрос ReadProcessMemory или WriteProcessMemory был выполнен только частично. (0x12B)
[0603/094017.796:WARNING:pe_image_reader.cc(340)] could not read dos header from C:\WINDOWS\System32\sechost.dll
[0603/094017.796:ERROR:process_memory_win.cc(73)] ReadMemory at 0x7ffaf31a0000 of 64 bytes failed: Запрос ReadProcessMemory или WriteProcessMemory был выполнен только частично. (0x12B)
[0603/094017.796:WARNING:pe_image_reader.cc(340)] could not read dos header from C:\WINDOWS\System32\sechost.dll
[0603/094017.797:ERROR:process_memory_win.cc(73)] ReadMemory at 0x7ffaf37d0000 of 64 bytes failed: Запрос ReadProcessMemory или WriteProcessMemory был выполнен только частично. (0x12B)
[0603/094017.797:WARNING:pe_image_reader.cc(340)] could not read dos header from C:\WINDOWS\System32\RPCRT4.dll
[0603/094017.797:ERROR:process_memory_win.cc(73)] ReadMemory at 0x7ffaf37d0000 of 64 bytes failed: Запрос ReadProcessMemory или WriteProcessMemory был выполнен только частично. (0x12B)
[0603/094017.797:WARNING:pe_image_reader.cc(340)] could not read dos header from C:\WINDOWS\System32\RPCRT4.dll
[0603/094017.797:ERROR:process_memory_win.cc(73)] ReadMemory at 0x7ffaad750000 of 64 bytes failed: Запрос ReadProcessMemory или WriteProcessMemory был выполнен только частично. (0x12B)
[0603/094017.797:WARNING:pe_image_reader.cc(340)] could not read dos header from C:\Program Files (x86)\Google\Chrome\Application\83.0.4103.61\chrome.dll
[0603/094017.797:ERROR:process_memory_win.cc(73)] ReadMemory at 0x7ffaad750000 of 64 bytes failed: Запрос ReadProcessMemory или WriteProcessMemory был выполнен только частично. (0x12B)
[0603/094017.797:WARNING:pe_image_reader.cc(340)] could not read dos header from C:\Program Files (x86)\Google\Chrome\Application\83.0.4103.61\chrome.dll
[0603/094017.797:ERROR:process_memory_win.cc(73)] ReadMemory at 0x7ffaf3b80000 of 64 bytes failed: Запрос ReadProcessMemory или WriteProcessMemory был выполнен только частично. (0x12B)
[0603/094017.797:WARNING:pe_image_reader.cc(340)] could not read dos header from C:\WINDOWS\System32\WS2_32.dll
[0603/094017.797:ERROR:process_memory_win.cc(73)] ReadMemory at 0x7ffaf3b80000 of 64 bytes failed: Запрос ReadProcessMemory или WriteProcessMemory был выполнен только частично. (0x12B)
[0603/094017.797:WARNING:pe_image_reader.cc(340)] could not read dos header from C:\WINDOWS\System32\WS2_32.dll
[0603/094017.797:ERROR:process_memory_win.cc(73)] ReadMemory at 0x7ffaf3a30000 of 64 bytes failed: Запрос ReadProcessMemory или WriteProcessMemory был выполнен только частично. (0x12B)
[0603/094017.797:WARNING:pe_image_reader.cc(340)] could not read dos header from C:\WINDOWS\System32\OLEAUT32.dll
[0603/094017.797:ERROR:process_memory_win.cc(73)] ReadMemory at 0x7ffaf3a30000 of 64 bytes failed: Запрос ReadProcessMemory или WriteProcessMemory был выполнен только частично. (0x12B)
[0603/094017.797:WARNING:pe_image_reader.cc(340)] could not read dos header from C:\WINDOWS\System32\OLEAUT32.dll
[0603/094017.797:ERROR:process_memory_win.cc(73)] ReadMemory at 0x7ffaf2820000 of 64 bytes failed: Запрос ReadProcessMemory или WriteProcessMemory был выполнен только частично. (0x12B)
[0603/094017.797:WARNING:pe_image_reader.cc(340)] could not read dos header from C:\WINDOWS\System32\msvcp_win.dll
[0603/094017.798:ERROR:process_memory_win.cc(73)] ReadMemory at 0x7ffaf2820000 of 64 bytes failed: Запрос ReadProcessMemory или WriteProcessMemory был выполнен только частично. (0x12B)
[0603/094017.798:WARNING:pe_image_reader.cc(340)] could not read dos header from C:\WINDOWS\System32\msvcp_win.dll
[0603/094017.798:ERROR:process_memory_win.cc(73)] ReadMemory at 0x7ffaf2500000 of 64 bytes failed: Запрос ReadProcessMemory или WriteProcessMemory был выполнен только частично. (0x12B)
[0603/094017.798:WARNING:pe_image_reader.cc(340)] could not read dos header from C:\WINDOWS\System32\ucrtbase.dll
[0603/094017.798:ERROR:process_memory_win.cc(73)] ReadMemory at 0x7ffaf2500000 of 64 bytes failed: Запрос ReadProcessMemory или WriteProcessMemory был выполнен только частично. (0x12B)
[0603/094017.798:WARNING:pe_image_reader.cc(340)] could not read dos header from C:\WINDOWS\System32\ucrtbase.dll
[0603/094017.798:ERROR:process_memory_win.cc(73)] ReadMemory at 0x7ffaf4370000 of 64 bytes failed: Запрос ReadProcessMemory или WriteProcessMemory был выполнен только частично. (0x12B)
[0603/094017.798:WARNING:pe_image_reader.cc(340)] could not read dos header from C:\WINDOWS\System32\combase.dll
[0603/094017.798:ERROR:process_memory_win.cc(73)] ReadMemory at 0x7ffaf4370000 of 64 bytes failed: Запрос ReadProcessMemory или WriteProcessMemory был выполнен только частично. (0x12B)
[0603/094017.798:WARNING:pe_image_reader.cc(340)] could not read dos header from C:\WINDOWS\System32\combase.dll
[0603/094017.798:ERROR:process_memory_win.cc(73)] ReadMemory at 0x7ffaf3070000 of 64 bytes failed: Запрос ReadProcessMemory или WriteProcessMemory был выполнен только частично. (0x12B)
[0603/094017.798:WARNING:pe_image_reader.cc(340)] could not read dos header from C:\WINDOWS\System32\WINTRUST.dll
[0603/094017.799:ERROR:process_memory_win.cc(73)] ReadMemory at 0x7ffaf3070000 of 64 bytes failed: Запрос ReadProcessMemory или WriteProcessMemory был выполнен только частично. (0x12B)
[0603/094017.799:WARNING:pe_image_reader.cc(340)] could not read dos header from C:\WINDOWS\System32\WINTRUST.dll
[0603/094017.799:ERROR:process_memory_win.cc(73)] ReadMemory at 0x7ffaf1f90000 of 64 bytes failed: Запрос ReadProcessMemory или WriteProcessMemory был выполнен только частично. (0x12B)
[0603/094017.799:WARNING:pe_image_reader.cc(340)] could not read dos header from C:\WINDOWS\System32\MSASN1.dll
[0603/094017.799:ERROR:process_memory_win.cc(73)] ReadMemory at 0x7ffaf1f90000 of 64 bytes failed: Запрос ReadProcessMemory или WriteProcessMemory был выполнен только частично. (0x12B)
[0603/094017.799:WARNING:pe_image_reader.cc(340)] could not read dos header from C:\WINDOWS\System32\MSASN1.dll
[0603/094017.799:ERROR:process_memory_win.cc(73)] ReadMemory at 0x7ffaf2680000 of 64 bytes failed: Запрос ReadProcessMemory или WriteProcessMemory был выполнен только частично. (0x12B)
[0603/094017.799:WARNING:pe_image_reader.cc(340)] could not read dos header from C:\WINDOWS\System32\CRYPT32.dll
[0603/094017.800:ERROR:process_memory_win.cc(73)] ReadMemory at 0x7ffaf2680000 of 64 bytes failed: Запрос ReadProcessMemory или WriteProcessMemory был выполнен только частично. (0x12B)
[0603/094017.800:WARNING:pe_image_reader.cc(340)] could not read dos header from C:\WINDOWS\System32\CRYPT32.dll
[0603/094017.800:ERROR:process_memory_win.cc(73)] ReadMemory at 0x7ffaf1400000 of 64 bytes failed: Запрос ReadProcessMemory или WriteProcessMemory был выполнен только частично. (0x12B)
[0603/094017.800:WARNING:pe_image_reader.cc(340)] could not read dos header from C:\WINDOWS\SYSTEM32\IPHLPAPI.DLL
[0603/094017.800:ERROR:process_memory_win.cc(73)] ReadMemory at 0x7ffaf1400000 of 64 bytes failed: Запрос ReadProcessMemory или WriteProcessMemory был выполнен только частично. (0x12B)
[0603/094017.800:WARNING:pe_image_reader.cc(340)] could not read dos header from C:\WINDOWS\SYSTEM32\IPHLPAPI.DLL
[0603/094017.800:ERROR:process_memory_win.cc(73)] ReadMemory at 0x7ffaef990000 of 64 bytes failed: Запрос ReadProcessMemory или WriteProcessMemory был выполнен только частично. (0x12B)
[0603/094017.800:WARNING:pe_image_reader.cc(340)] could not read dos header from C:\WINDOWS\SYSTEM32\WINMM.dll
[0603/094017.800:ERROR:process_memory_win.cc(73)] ReadMemory at 0x7ffaef990000 of 64 bytes failed: Запрос ReadProcessMemory или WriteProcessMemory был выполнен только частично. (0x12B)
[0603/094017.800:WARNING:pe_image_reader.cc(340)] could not read dos header from C:\WINDOWS\SYSTEM32\WINMM.dll
[0603/094017.800:ERROR:process_memory_win.cc(73)] ReadMemory at 0x7ffadf280000 of 64 bytes failed: Запрос ReadProcessMemory или WriteProcessMemory был выполнен только частично. (0x12B)
[0603/094017.800:WARNING:pe_image_reader.cc(340)] could not read dos header from C:\WINDOWS\SYSTEM32\Secur32.dll
[0603/094017.800:ERROR:process_memory_win.cc(73)] ReadMemory at 0x7ffadf280000 of 64 bytes failed: Запрос ReadProcessMemory или WriteProcessMemory был выполнен только частично. (0x12B)
[0603/094017.800:WARNING:pe_image_reader.cc(340)] could not read dos header from C:\WINDOWS\SYSTEM32\Secur32.dll
[0603/094017.801:ERROR:process_memory_win.cc(73)] ReadMemory at 0x7ffaf1e00000 of 64 bytes failed: Запрос ReadProcessMemory или WriteProcessMemory был выполнен только частично. (0x12B)
[0603/094017.801:WARNING:pe_image_reader.cc(340)] could not read dos header from C:\WINDOWS\SYSTEM32\USERENV.dll
[0603/094017.801:ERROR:process_memory_win.cc(73)] ReadMemory at 0x7ffaf1e00000 of 64 bytes failed: Запрос ReadProcessMemory или WriteProcessMemory был выполнен только частично. (0x12B)
[0603/094017.801:WARNING:pe_image_reader.cc(340)] could not read dos header from C:\WINDOWS\SYSTEM32\USERENV.dll
[0603/094017.801:ERROR:process_memory_win.cc(73)] ReadMemory at 0x7ffad4310000 of 64 bytes failed: Запрос ReadProcessMemory или WriteProcessMemory был выполнен только частично. (0x12B)
[0603/094017.801:WARNING:pe_image_reader.cc(340)] could not read dos header from C:\WINDOWS\SYSTEM32\UIAutomationCore.DLL
[0603/094017.801:ERROR:process_memory_win.cc(73)] ReadMemory at 0x7ffad4310000 of 64 bytes failed: Запрос ReadProcessMemory или WriteProcessMemory был выполнен только частично. (0x12B)
[0603/094017.801:WARNING:pe_image_reader.cc(340)] could not read dos header from C:\WINDOWS\SYSTEM32\UIAutomationCore.DLL
[0603/094017.801:ERROR:process_memory_win.cc(73)] ReadMemory at 0x7ffae6000000 of 64 bytes failed: Запрос ReadProcessMemory или WriteProcessMemory был выполнен только частично. (0x12B)
[0603/094017.801:WARNING:pe_image_reader.cc(340)] could not read dos header from C:\WINDOWS\SYSTEM32\DWrite.dll
[0603/094017.801:ERROR:process_memory_win.cc(73)] ReadMemory at 0x7ffae6000000 of 64 bytes failed: Запрос ReadProcessMemory или WriteProcessMemory был выполнен только частично. (0x12B)
[0603/094017.802:WARNING:pe_image_reader.cc(340)] could not read dos header from C:\WINDOWS\SYSTEM32\DWrite.dll
[0603/094017.802:ERROR:process_memory_win.cc(73)] ReadMemory at 0x7ffae0a40000 of 64 bytes failed: Запрос ReadProcessMemory или WriteProcessMemory был выполнен только частично. (0x12B)
[0603/094017.802:WARNING:pe_image_reader.cc(340)] could not read dos header from C:\WINDOWS\SYSTEM32\WINSPOOL.DRV
[0603/094017.802:ERROR:process_memory_win.cc(73)] ReadMemory at 0x7ffae0a40000 of 64 bytes failed: Запрос ReadProcessMemory или WriteProcessMemory был выполнен только частично. (0x12B)
[0603/094017.802:WARNING:pe_image_reader.cc(340)] could not read dos header from C:\WINDOWS\SYSTEM32\WINSPOOL.DRV
[0603/094017.802:ERROR:process_memory_win.cc(73)] ReadMemory at 0x7ffaf0160000 of 64 bytes failed: Запрос ReadProcessMemory или WriteProcessMemory был выполнен только частично. (0x12B)
[0603/094017.802:WARNING:pe_image_reader.cc(340)] could not read dos header from C:\WINDOWS\SYSTEM32\dbghelp.dll
[0603/094017.802:ERROR:process_memory_win.cc(73)] ReadMemory at 0x7ffaf0160000 of 64 bytes failed: Запрос ReadProcessMemory или WriteProcessMemory был выполнен только частично. (0x12B)
[0603/094017.802:WARNING:pe_image_reader.cc(340)] could not read dos header from C:\WINDOWS\SYSTEM32\dbghelp.dll
[0603/094017.802:ERROR:process_memory_win.cc(73)] ReadMemory at 0x7ffaf1f60000 of 64 bytes failed: Запрос ReadProcessMemory или WriteProcessMemory был выполнен только частично. (0x12B)
[0603/094017.802:WARNING:pe_image_reader.cc(340)] could not read dos header from C:\WINDOWS\System32\profapi.dll
[0603/094017.803:ERROR:process_memory_win.cc(73)] ReadMemory at 0x7ffaf1f60000 of 64 bytes failed: Запрос ReadProcessMemory или WriteProcessMemory был выполнен только частично. (0x12B)
[0603/094017.803:WARNING:pe_image_reader.cc(340)] could not read dos header from C:\WINDOWS\System32\profapi.dll
[0603/094017.803:ERROR:process_memory_win.cc(73)] ReadMemory at 0x7ffaf1f40000 of 64 bytes failed: Запрос ReadProcessMemory или WriteProcessMemory был выполнен только частично. (0x12B)
[0603/094017.803:WARNING:pe_image_reader.cc(340)] could not read dos header from C:\WINDOWS\System32\kernel.appcore.dll
[0603/094017.803:ERROR:process_memory_win.cc(73)] ReadMemory at 0x7ffaf1f40000 of 64 bytes failed: Запрос ReadProcessMemory или WriteProcessMemory был выполнен только частично. (0x12B)
[0603/094017.803:WARNING:pe_image_reader.cc(340)] could not read dos header from C:\WINDOWS\System32\kernel.appcore.dll
[0603/094017.803:ERROR:process_memory_win.cc(73)] ReadMemory at 0x7ffaf28c0000 of 64 bytes failed: Запрос ReadProcessMemory или WriteProcessMemory был выполнен только частично. (0x12B)
[0603/094017.803:WARNING:pe_image_reader.cc(340)] could not read dos header from C:\WINDOWS\System32\bcrypt.dll
[0603/094017.803:ERROR:process_memory_win.cc(73)] ReadMemory at 0x7ffaf28c0000 of 64 bytes failed: Запрос ReadProcessMemory или WriteProcessMemory был выполнен только частично. (0x12B)
[0603/094017.803:WARNING:pe_image_reader.cc(340)] could not read dos header from C:\WINDOWS\System32\bcrypt.dll
[0603/094017.803:ERROR:process_memory_win.cc(73)] ReadMemory at 0x7ffae48f0000 of 64 bytes failed: Запрос ReadProcessMemory или WriteProcessMemory был выполнен только частично. (0x12B)
[0603/094017.803:WARNING:pe_image_reader.cc(340)] could not read dos header from C:\WINDOWS\SYSTEM32\WINHTTP.dll
[0603/094017.803:ERROR:process_memory_win.cc(73)] ReadMemory at 0x7ffae48f0000 of 64 bytes failed: Запрос ReadProcessMemory или WriteProcessMemory был выполнен только частично. (0x12B)
[0603/094017.803:WARNING:pe_image_reader.cc(340)] could not read dos header from C:\WINDOWS\SYSTEM32\WINHTTP.dll
[0603/094017.803:ERROR:process_memory_win.cc(73)] ReadMemory at 0x7ffae9040000 of 64 bytes failed: Запрос ReadProcessMemory или WriteProcessMemory был выполнен только частично. (0x12B)
[0603/094017.803:WARNING:pe_image_reader.cc(340)] could not read dos header from C:\WINDOWS\SYSTEM32\dhcpcsvc.DLL
[0603/094017.803:ERROR:process_memory_win.cc(73)] ReadMemory at 0x7ffae9040000 of 64 bytes failed: Запрос ReadProcessMemory или WriteProcessMemory был выполнен только частично. (0x12B)
[0603/094017.803:WARNING:pe_image_reader.cc(340)] could not read dos header from C:\WINDOWS\SYSTEM32\dhcpcsvc.DLL
[0603/094017.803:ERROR:process_memory_win.cc(73)] ReadMemory at 0x7ffaf3b00000 of 64 bytes failed: Запрос ReadProcessMemory или WriteProcessMemory был выполнен только частично. (0x12B)
[0603/094017.803:WARNING:pe_image_reader.cc(340)] could not read dos header from C:\WINDOWS\System32\NSI.dll
[0603/094017.803:ERROR:process_memory_win.cc(73)] ReadMemory at 0x7ffaf3b00000 of 64 bytes failed: Запрос ReadProcessMemory или WriteProcessMemory был выполнен только частично. (0x12B)
[0603/094017.803:WARNING:pe_image_reader.cc(340)] could not read dos header from C:\WINDOWS\System32\NSI.dll
[0603/094017.804:ERROR:process_memory_win.cc(73)] ReadMemory at 0x7ffaef960000 of 64 bytes failed: Запрос ReadProcessMemory или WriteProcessMemory был выполнен только частично. (0x12B)
[0603/094017.804:WARNING:pe_image_reader.cc(340)] could not read dos header from C:\WINDOWS\SYSTEM32\winmmbase.dll
[0603/094017.804:ERROR:process_memory_win.cc(73)] ReadMemory at 0x7ffaef960000 of 64 bytes failed: Запрос ReadProcessMemory или WriteProcessMemory был выполнен только частично. (0x12B)
[0603/094017.804:WARNING:pe_image_reader.cc(340)] could not read dos header from C:\WINDOWS\SYSTEM32\winmmbase.dll
[0603/094017.804:ERROR:process_memory_win.cc(73)] ReadMemory at 0x7ffaf2150000 of 64 bytes failed: Запрос ReadProcessMemory или WriteProcessMemory был выполнен только частично. (0x12B)
[0603/094017.805:WARNING:pe_image_reader.cc(340)] could not read dos header from C:\WINDOWS\System32\cfgmgr32.dll
[0603/094017.805:ERROR:process_memory_win.cc(73)] ReadMemory at 0x7ffaf2150000 of 64 bytes failed: Запрос ReadProcessMemory или WriteProcessMemory был выполнен только частично. (0x12B)
[0603/094017.805:WARNING:pe_image_reader.cc(340)] could not read dos header from C:\WINDOWS\System32\cfgmgr32.dll
[0603/094017.805:ERROR:process_memory_win.cc(73)] ReadMemory at 0x7ffaee240000 of 64 bytes failed: Запрос ReadProcessMemory или WriteProcessMemory был выполнен только частично. (0x12B)
[0603/094017.805:WARNING:pe_image_reader.cc(340)] could not read dos header from C:\WINDOWS\SYSTEM32\PROPSYS.dll
[0603/094017.805:ERROR:process_memory_win.cc(73)] ReadMemory at 0x7ffaee240000 of 64 bytes failed: Запрос ReadProcessMemory или WriteProcessMemory был выполнен только частично. (0x12B)
[0603/094017.805:WARNING:pe_image_reader.cc(340)] could not read dos header from C:\WINDOWS\SYSTEM32\PROPSYS.dll
[0603/094017.805:ERROR:process_memory_win.cc(73)] ReadMemory at 0x7ffaf30f0000 of 64 bytes failed: Запрос ReadProcessMemory или WriteProcessMemory был выполнен только частично. (0x12B)
[0603/094017.805:WARNING:pe_image_reader.cc(340)] could not read dos header from C:\WINDOWS\System32\shcore.dll
[0603/094017.805:ERROR:process_memory_win.cc(73)] ReadMemory at 0x7ffaf30f0000 of 64 bytes failed: Запрос ReadProcessMemory или WriteProcessMemory был выполнен только частично. (0x12B)
[0603/094017.805:WARNING:pe_image_reader.cc(340)] could not read dos header from C:\WINDOWS\System32\shcore.dll
[0603/094017.805:ERROR:process_memory_win.cc(73)] ReadMemory at 0x7ffaf1dd0000 of 64 bytes failed: Запрос ReadProcessMemory или WriteProcessMemory был выполнен только частично. (0x12B)
[0603/094017.805:WARNING:pe_image_reader.cc(340)] could not read dos header from C:\WINDOWS\SYSTEM32\SSPICLI.DLL
[0603/094017.805:ERROR:process_memory_win.cc(73)] ReadMemory at 0x7ffaf1dd0000 of 64 bytes failed: Запрос ReadProcessMemory или WriteProcessMemory был выполнен только частично. (0x12B)
[0603/094017.805:WARNING:pe_image_reader.cc(340)] could not read dos header from C:\WINDOWS\SYSTEM32\SSPICLI.DLL
[0603/094017.806:ERROR:process_memory_win.cc(73)] ReadMemory at 0x7ffaf4070000 of 64 bytes failed: Запрос ReadProcessMemory или WriteProcessMemory был выполнен только частично. (0x12B)
[0603/094017.806:WARNING:pe_image_reader.cc(340)] could not read dos header from C:\WINDOWS\System32\USER32.dll
[0603/094017.806:ERROR:process_memory_win.cc(73)] ReadMemory at 0x7ffaf4070000 of 64 bytes failed: Запрос ReadProcessMemory или WriteProcessMemory был выполнен только частично. (0x12B)
[0603/094017.806:WARNING:pe_image_reader.cc(340)] could not read dos header from C:\WINDOWS\System32\USER32.dll
[0603/094017.806:ERROR:process_memory_win.cc(73)] ReadMemory at 0x7ffaf27f0000 of 64 bytes failed: Запрос ReadProcessMemory или WriteProcessMemory был выполнен только частично. (0x12B)
[0603/094017.806:WARNING:pe_image_reader.cc(340)] could not read dos header from C:\WINDOWS\System32\win32u.dll
[0603/094017.806:ERROR:process_memory_win.cc(73)] ReadMemory at 0x7ffaf27f0000 of 64 bytes failed: Запрос ReadProcessMemory или WriteProcessMemory был выполнен только частично. (0x12B)
[0603/094017.806:WARNING:pe_image_reader.cc(340)] could not read dos header from C:\WINDOWS\System32\win32u.dll
[0603/094017.806:ERROR:process_memory_win.cc(73)] ReadMemory at 0x7ffaf39a0000 of 64 bytes failed: Запрос ReadProcessMemory или WriteProcessMemory был выполнен только частично. (0x12B)
[0603/094017.806:WARNING:pe_image_reader.cc(340)] could not read dos header from C:\WINDOWS\System32\GDI32.dll
[0603/094017.806:ERROR:process_memory_win.cc(73)] ReadMemory at 0x7ffaf39a0000 of 64 bytes failed: Запрос ReadProcessMemory или WriteProcessMemory был выполнен только частично. (0x12B)
[0603/094017.806:WARNING:pe_image_reader.cc(340)] could not read dos header from C:\WINDOWS\System32\GDI32.dll
[0603/094017.806:ERROR:process_memory_win.cc(73)] ReadMemory at 0x7ffaf1fb0000 of 64 bytes failed: Запрос ReadProcessMemory или WriteProcessMemory был выполнен только частично. (0x12B)
[0603/094017.806:WARNING:pe_image_reader.cc(340)] could not read dos header from C:\WINDOWS\System32\gdi32full.dll
[0603/094017.806:ERROR:process_memory_win.cc(73)] ReadMemory at 0x7ffaf1fb0000 of 64 bytes failed: Запрос ReadProcessMemory или WriteProcessMemory был выполнен только частично. (0x12B)
[0603/094017.806:WARNING:pe_image_reader.cc(340)] could not read dos header from C:\WINDOWS\System32\gdi32full.dll
[0603/094017.806:ERROR:process_memory_win.cc(73)] ReadMemory at 0x7ffaf4e60000 of 64 bytes failed: Запрос ReadProcessMemory или WriteProcessMemory был выполнен только частично. (0x12B)
[0603/094017.806:WARNING:pe_image_reader.cc(340)] could not read dos header from C:\WINDOWS\System32\IMM32.DLL
[0603/094017.806:ERROR:process_memory_win.cc(73)] ReadMemory at 0x7ffaf4e60000 of 64 bytes failed: Запрос ReadProcessMemory или WriteProcessMemory был выполнен только частично. (0x12B)
[0603/094017.807:WARNING:pe_image_reader.cc(340)] could not read dos header from C:\WINDOWS\System32\IMM32.DLL
[0603/094017.807:ERROR:process_memory_win.cc(73)] ReadMemory at 0x7ffaf18c0000 of 64 bytes failed: Запрос ReadProcessMemory или WriteProcessMemory был выполнен только частично. (0x12B)
[0603/094017.807:WARNING:pe_image_reader.cc(340)] could not read dos header from C:\WINDOWS\SYSTEM32\CRYPTBASE.DLL
[0603/094017.807:ERROR:process_memory_win.cc(73)] ReadMemory at 0x7ffaf18c0000 of 64 bytes failed: Запрос ReadProcessMemory или WriteProcessMemory был выполнен только частично. (0x12B)
[0603/094017.807:WARNING:pe_image_reader.cc(340)] could not read dos header from C:\WINDOWS\SYSTEM32\CRYPTBASE.DLL
[0603/094017.807:ERROR:process_memory_win.cc(73)] ReadMemory at 0x7ffaf3bf0000 of 64 bytes failed: Запрос ReadProcessMemory или WriteProcessMemory был выполнен только частично. (0x12B)
[0603/094017.807:WARNING:pe_image_reader.cc(340)] could not read dos header from C:\WINDOWS\System32\ole32.dll
[0603/094017.807:ERROR:process_memory_win.cc(73)] ReadMemory at 0x7ffaf3bf0000 of 64 bytes failed: Запрос ReadProcessMemory или WriteProcessMemory был выполнен только частично. (0x12B)
[0603/094017.807:WARNING:pe_image_reader.cc(340)] could not read dos header from C:\WINDOWS\System32\ole32.dll
[0603/094017.807:ERROR:process_memory_win.cc(73)] ReadMemory at 0x7ffaf3fc0000 of 64 bytes failed: Запрос ReadProcessMemory или WriteProcessMemory был выполнен только частично. (0x12B)
[0603/094017.807:WARNING:pe_image_reader.cc(340)] could not read dos header from C:\WINDOWS\System32\clbcatq.dll
[0603/094017.807:ERROR:process_memory_win.cc(73)] ReadMemory at 0x7ffaf3fc0000 of 64 bytes failed: Запрос ReadProcessMemory или WriteProcessMemory был выполнен только частично. (0x12B)
[0603/094017.807:WARNING:pe_image_reader.cc(340)] could not read dos header from C:\WINDOWS\System32\clbcatq.dll
[0603/094017.807:ERROR:process_memory_win.cc(73)] ReadMemory at 0x7ffae6520000 of 64 bytes failed: Запрос ReadProcessMemory или WriteProcessMemory был выполнен только частично. (0x12B)
[0603/094017.807:WARNING:pe_image_reader.cc(340)] could not read dos header from C:\WINDOWS\System32\MMDevApi.dll
[0603/094017.807:ERROR:process_memory_win.cc(73)] ReadMemory at 0x7ffae6520000 of 64 bytes failed: Запрос ReadProcessMemory или WriteProcessMemory был выполнен только частично. (0x12B)
[0603/094017.807:WARNING:pe_image_reader.cc(340)] could not read dos header from C:\WINDOWS\System32\MMDevApi.dll
[0603/094017.807:ERROR:process_memory_win.cc(73)] ReadMemory at 0x7ffaf1c80000 of 64 bytes failed: Запрос ReadProcessMemory или WriteProcessMemory был выполнен только частично. (0x12B)
[0603/094017.807:WARNING:pe_image_reader.cc(340)] could not read dos header from C:\WINDOWS\System32\DEVOBJ.dll
[0603/094017.807:ERROR:process_memory_win.cc(73)] ReadMemory at 0x7ffaf1c80000 of 64 bytes failed: Запрос ReadProcessMemory или WriteProcessMemory был выполнен только частично. (0x12B)
[0603/094017.807:WARNING:pe_image_reader.cc(340)] could not read dos header from C:\WINDOWS\System32\DEVOBJ.dll
[0603/094017.807:ERROR:process_memory_win.cc(73)] ReadMemory at 0x7ffaec050000 of 64 bytes failed: Запрос ReadProcessMemory или WriteProcessMemory был выполнен только частично. (0x12B)
[0603/094017.807:WARNING:pe_image_reader.cc(340)] could not read dos header from C:\WINDOWS\SYSTEM32\wdmaud.drv
[0603/094017.807:ERROR:process_memory_win.cc(73)] ReadMemory at 0x7ffaec050000 of 64 bytes failed: Запрос ReadProcessMemory или WriteProcessMemory был выполнен только частично. (0x12B)
[0603/094017.807:WARNING:pe_image_reader.cc(340)] could not read dos header from C:\WINDOWS\SYSTEM32\wdmaud.drv
[0603/094017.808:ERROR:process_memory_win.cc(73)] ReadMemory at 0x7ffaec7b0000 of 64 bytes failed: Запрос ReadProcessMemory или WriteProcessMemory был выполнен только частично. (0x12B)
[0603/094017.808:WARNING:pe_image_reader.cc(340)] could not read dos header from C:\WINDOWS\SYSTEM32\ksuser.dll
[0603/094017.808:ERROR:process_memory_win.cc(73)] ReadMemory at 0x7ffaec7b0000 of 64 bytes failed: Запрос ReadProcessMemory или WriteProcessMemory был выполнен только частично. (0x12B)
[0603/094017.808:WARNING:pe_image_reader.cc(340)] could not read dos header from C:\WINDOWS\SYSTEM32\ksuser.dll
[0603/094017.808:ERROR:process_memory_win.cc(73)] ReadMemory at 0x7ffaed840000 of 64 bytes failed: Запрос ReadProcessMemory или WriteProcessMemory был выполнен только частично. (0x12B)
[0603/094017.808:WARNING:pe_image_reader.cc(340)] could not read dos header from C:\WINDOWS\SYSTEM32\AVRT.dll
[0603/094017.808:ERROR:process_memory_win.cc(73)] ReadMemory at 0x7ffaed840000 of 64 bytes failed: Запрос ReadProcessMemory или WriteProcessMemory был выполнен только частично. (0x12B)
[0603/094017.808:WARNING:pe_image_reader.cc(340)] could not read dos header from C:\WINDOWS\SYSTEM32\AVRT.dll
[0603/094017.808:ERROR:process_memory_win.cc(73)] ReadMemory at 0x7ffae3b00000 of 64 bytes failed: Запрос ReadProcessMemory или WriteProcessMemory был выполнен только частично. (0x12B)
[0603/094017.808:WARNING:pe_image_reader.cc(340)] could not read dos header from C:\WINDOWS\SYSTEM32\AUDIOSES.DLL
[0603/094017.808:ERROR:process_memory_win.cc(73)] ReadMemory at 0x7ffae3b00000 of 64 bytes failed: Запрос ReadProcessMemory или WriteProcessMemory был выполнен только частично. (0x12B)
[0603/094017.808:WARNING:pe_image_reader.cc(340)] could not read dos header from C:\WINDOWS\SYSTEM32\AUDIOSES.DLL
[0603/094017.808:ERROR:process_memory_win.cc(73)] ReadMemory at 0x7ffaf1ef0000 of 64 bytes failed: Запрос ReadProcessMemory или WriteProcessMemory был выполнен только частично. (0x12B)
[0603/094017.808:WARNING:pe_image_reader.cc(340)] could not read dos header from C:\WINDOWS\System32\powrprof.dll
[0603/094017.808:ERROR:process_memory_win.cc(73)] ReadMemory at 0x7ffaf1ef0000 of 64 bytes failed: Запрос ReadProcessMemory или WriteProcessMemory был выполнен только частично. (0x12B)
[0603/094017.808:WARNING:pe_image_reader.cc(340)] could not read dos header from C:\WINDOWS\System32\powrprof.dll
[0603/094017.808:ERROR:process_memory_win.cc(73)] ReadMemory at 0x7ffaf1ee0000 of 64 bytes failed: Запрос ReadProcessMemory или WriteProcessMemory был выполнен только частично. (0x12B)
[0603/094017.808:WARNING:pe_image_reader.cc(340)] could not read dos header from C:\WINDOWS\System32\UMPDC.dll
[0603/094017.809:ERROR:process_memory_win.cc(73)] ReadMemory at 0x7ffaf1ee0000 of 64 bytes failed: Запрос ReadProcessMemory или WriteProcessMemory был выполнен только частично. (0x12B)
[0603/094017.809:WARNING:pe_image_reader.cc(340)] could not read dos header from C:\WINDOWS\System32\UMPDC.dll
[0603/094017.809:ERROR:process_memory_win.cc(73)] ReadMemory at 0x7ffaed0d0000 of 64 bytes failed: Запрос ReadProcessMemory или WriteProcessMemory был выполнен только частично. (0x12B)
[0603/094017.809:WARNING:pe_image_reader.cc(340)] could not read dos header from C:\WINDOWS\SYSTEM32\wintypes.dll
[0603/094017.809:ERROR:process_memory_win.cc(73)] ReadMemory at 0x7ffaed0d0000 of 64 bytes failed: Запрос ReadProcessMemory или WriteProcessMemory был выполнен только частично. (0x12B)
[0603/094017.809:WARNING:pe_image_reader.cc(340)] could not read dos header from C:\WINDOWS\SYSTEM32\wintypes.dll
[0603/094017.809:ERROR:process_memory_win.cc(73)] ReadMemory at 0x7ffaec270000 of 64 bytes failed: Запрос ReadProcessMemory или WriteProcessMemory был выполнен только частично. (0x12B)
[0603/094017.809:WARNING:pe_image_reader.cc(340)] could not read dos header from C:\WINDOWS\SYSTEM32\msacm32.drv
[0603/094017.809:ERROR:process_memory_win.cc(73)] ReadMemory at 0x7ffaec270000 of 64 bytes failed: Запрос ReadProcessMemory или WriteProcessMemory был выполнен только частично. (0x12B)
[0603/094017.809:WARNING:pe_image_reader.cc(340)] could not read dos header from C:\WINDOWS\SYSTEM32\msacm32.drv
[0603/094017.809:ERROR:process_memory_win.cc(73)] ReadMemory at 0x7ffaec030000 of 64 bytes failed: Запрос ReadProcessMemory или WriteProcessMemory был выполнен только частично. (0x12B)
[0603/094017.809:WARNING:pe_image_reader.cc(340)] could not read dos header from C:\WINDOWS\SYSTEM32\MSACM32.dll
[0603/094017.809:ERROR:process_memory_win.cc(73)] ReadMemory at 0x7ffaec030000 of 64 bytes failed: Запрос ReadProcessMemory или WriteProcessMemory был выполнен только частично. (0x12B)
[0603/094017.809:WARNING:pe_image_reader.cc(340)] could not read dos header from C:\WINDOWS\SYSTEM32\MSACM32.dll
[0603/094017.810:ERROR:process_memory_win.cc(73)] ReadMemory at 0x7ffaec020000 of 64 bytes failed: Запрос ReadProcessMemory или WriteProcessMemory был выполнен только частично. (0x12B)
[0603/094017.810:WARNING:pe_image_reader.cc(340)] could not read dos header from C:\WINDOWS\SYSTEM32\midimap.dll
[0603/094017.810:ERROR:process_memory_win.cc(73)] ReadMemory at 0x7ffaec020000 of 64 bytes failed: Запрос ReadProcessMemory или WriteProcessMemory был выполнен только частично. (0x12B)
[0603/094017.810:WARNING:pe_image_reader.cc(340)] could not read dos header from C:\WINDOWS\SYSTEM32\midimap.dll
[0603/094017.810:ERROR:process_memory_win.cc(73)] ReadMemory at 0x7ffaf0360000 of 64 bytes failed: Запрос ReadProcessMemory или WriteProcessMemory был выполнен только частично. (0x12B)
[0603/094017.810:WARNING:pe_image_reader.cc(340)] could not read dos header from C:\WINDOWS\SYSTEM32\resourcepolicyclient.dll
[0603/094017.810:ERROR:process_memory_win.cc(73)] ReadMemory at 0x7ffaf0360000 of 64 bytes failed: Запрос ReadProcessMemory или WriteProcessMemory был выполнен только частично. (0x12B)
[0603/094017.810:WARNING:pe_image_reader.cc(340)] could not read dos header from C:\WINDOWS\SYSTEM32\resourcepolicyclient.dll
[0603/094017.810:ERROR:process_memory_win.cc(73)] ReadMemory at 0x7ffae68a0000 of 64 bytes failed: Запрос ReadProcessMemory или WriteProcessMemory был выполнен только частично. (0x12B)
[0603/094017.810:WARNING:pe_image_reader.cc(340)] could not read dos header from C:\Windows\System32\Windows.UI.dll
[0603/094017.810:ERROR:process_memory_win.cc(73)] ReadMemory at 0x7ffae68a0000 of 64 bytes failed: Запрос ReadProcessMemory или WriteProcessMemory был выполнен только частично. (0x12B)
[0603/094017.810:WARNING:pe_image_reader.cc(340)] could not read dos header from C:\Windows\System32\Windows.UI.dll
[0603/094017.810:ERROR:process_memory_win.cc(73)] ReadMemory at 0x7ffae6800000 of 64 bytes failed: Запрос ReadProcessMemory или WriteProcessMemory был выполнен только частично. (0x12B)
[0603/094017.810:WARNING:pe_image_reader.cc(340)] could not read dos header from C:\Windows\System32\TextInputFramework.dll
[0603/094017.810:ERROR:process_memory_win.cc(73)] ReadMemory at 0x7ffae6800000 of 64 bytes failed: Запрос ReadProcessMemory или WriteProcessMemory был выполнен только частично. (0x12B)
[0603/094017.811:WARNING:pe_image_reader.cc(340)] could not read dos header from C:\Windows\System32\TextInputFramework.dll
[0603/094017.811:ERROR:process_memory_win.cc(73)] ReadMemory at 0x7ffae66e0000 of 64 bytes failed: Запрос ReadProcessMemory или WriteProcessMemory был выполнен только частично. (0x12B)
[0603/094017.811:WARNING:pe_image_reader.cc(340)] could not read dos header from C:\Windows\System32\InputHost.dll
[0603/094017.811:ERROR:process_memory_win.cc(73)] ReadMemory at 0x7ffae66e0000 of 64 bytes failed: Запрос ReadProcessMemory или WriteProcessMemory был выполнен только частично. (0x12B)
[0603/094017.811:WARNING:pe_image_reader.cc(340)] could not read dos header from C:\Windows\System32\InputHost.dll
[0603/094017.811:ERROR:process_memory_win.cc(73)] ReadMemory at 0x7ffaed2e0000 of 64 bytes failed: Запрос ReadProcessMemory или WriteProcessMemory был выполнен только частично. (0x12B)
[0603/094017.811:WARNING:pe_image_reader.cc(340)] could not read dos header from C:\Windows\System32\CoreUIComponents.dll
[0603/094017.811:ERROR:process_memory_win.cc(73)] ReadMemory at 0x7ffaed2e0000 of 64 bytes failed: Запрос ReadProcessMemory или WriteProcessMemory был выполнен только частично. (0x12B)
[0603/094017.811:WARNING:pe_image_reader.cc(340)] could not read dos header from C:\Windows\System32\CoreUIComponents.dll
[0603/094017.811:ERROR:process_memory_win.cc(73)] ReadMemory at 0x7ffaf0f40000 of 64 bytes failed: Запрос ReadProcessMemory или WriteProcessMemory был выполнен только частично. (0x12B)
[0603/094017.811:WARNING:pe_image_reader.cc(340)] could not read dos header from C:\WINDOWS\SYSTEM32\ntmarta.dll
[0603/094017.811:ERROR:process_memory_win.cc(73)] ReadMemory at 0x7ffaf0f40000 of 64 bytes failed: Запрос ReadProcessMemory или WriteProcessMemory был выполнен только частично. (0x12B)
[0603/094017.811:WARNING:pe_image_reader.cc(340)] could not read dos header from C:\WINDOWS\SYSTEM32\ntmarta.dll
[0603/094017.812:ERROR:process_memory_win.cc(73)] ReadMemory at 0x7ffaef560000 of 64 bytes failed: Запрос ReadProcessMemory или WriteProcessMemory был выполнен только частично. (0x12B)
[0603/094017.812:WARNING:pe_image_reader.cc(340)] could not read dos header from C:\Windows\System32\CoreMessaging.dll
[0603/094017.812:ERROR:process_memory_win.cc(73)] ReadMemory at 0x7ffaef560000 of 64 bytes failed: Запрос ReadProcessMemory или WriteProcessMemory был выполнен только частично. (0x12B)
[0603/094017.812:WARNING:pe_image_reader.cc(340)] could not read dos header from C:\Windows\System32\CoreMessaging.dll
